<?xml version="1.0" encoding="UTF-8"?>
<testsuite name="com.epam.esm.service.GiftCertificateServiceTest" tests="1" skipped="0" failures="0" errors="0" timestamp="2021-01-10T17:47:43" hostname="DESKTOP-JPP56SO" time="0.554">
  <properties/>
  <testcase name="deleteCertificateValidTest()" classname="com.epam.esm.service.GiftCertificateServiceTest" time="0.554"/>
  <system-out><![CDATA[]]></system-out>
  <system-err><![CDATA[]]></system-err>
</testsuite>
