<?xml version="1.0" encoding="UTF-8"?>
<testsuite name="com.anton.task1.utils.StringUtilsTest" tests="1" skipped="0" failures="0" errors="0" timestamp="2021-01-03T13:54:57" hostname="DESKTOP-JPP56SO" time="0.06">
  <properties/>
  <testcase name="isPositiveNumberValidTest()" classname="com.anton.task1.utils.StringUtilsTest" time="0.06"/>
  <system-out><![CDATA[]]></system-out>
  <system-err><![CDATA[]]></system-err>
</testsuite>
