<?xml version="1.0" encoding="UTF-8"?>
<testsuite name="com.epam.esm.validator.TagValidatorTest" tests="4" skipped="0" failures="0" errors="0" timestamp="2021-01-16T11:17:47" hostname="DESKTOP-JPP56SO" time="0.011">
  <properties/>
  <testcase name="validateTagInvalidTest(Tag)[1]" classname="com.epam.esm.validator.TagValidatorTest" time="0.001"/>
  <testcase name="validateTagInvalidTest(Tag)[2]" classname="com.epam.esm.validator.TagValidatorTest" time="0.003"/>
  <testcase name="validateTagInvalidTest(Tag)[3]" classname="com.epam.esm.validator.TagValidatorTest" time="0.001"/>
  <testcase name="validateTagValidTest()" classname="com.epam.esm.validator.TagValidatorTest" time="0.001"/>
  <system-out><![CDATA[]]></system-out>
  <system-err><![CDATA[]]></system-err>
</testsuite>
