<?xml version="1.0" encoding="UTF-8"?>
<testsuite name="com.epam.esm.validator.GiftCertificateValidatorTest" tests="8" skipped="0" failures="0" errors="0" timestamp="2021-01-16T11:17:47" hostname="DESKTOP-JPP56SO" time="0.028">
  <properties/>
  <testcase name="validateTagInvalidTest(CreateGiftCertificateDto)[1]" classname="com.epam.esm.validator.GiftCertificateValidatorTest" time="0.002"/>
  <testcase name="validateTagInvalidTest(CreateGiftCertificateDto)[2]" classname="com.epam.esm.validator.GiftCertificateValidatorTest" time="0.002"/>
  <testcase name="validateTagInvalidTest(CreateGiftCertificateDto)[3]" classname="com.epam.esm.validator.GiftCertificateValidatorTest" time="0.002"/>
  <testcase name="validateTagInvalidTest(CreateGiftCertificateDto)[4]" classname="com.epam.esm.validator.GiftCertificateValidatorTest" time="0.001"/>
  <testcase name="validateTagInvalidTest(CreateGiftCertificateDto)[5]" classname="com.epam.esm.validator.GiftCertificateValidatorTest" time="0.0"/>
  <testcase name="validateTagInvalidTest(CreateGiftCertificateDto)[6]" classname="com.epam.esm.validator.GiftCertificateValidatorTest" time="0.005"/>
  <testcase name="validateTagInvalidTest(CreateGiftCertificateDto)[7]" classname="com.epam.esm.validator.GiftCertificateValidatorTest" time="0.001"/>
  <testcase name="validateTagValidTest()" classname="com.epam.esm.validator.GiftCertificateValidatorTest" time="0.001"/>
  <system-out><![CDATA[]]></system-out>
  <system-err><![CDATA[]]></system-err>
</testsuite>
