<?xml version="1.0" encoding="UTF-8"?>
<testsuite name="com.epam.esm.service.TagServiceTest" tests="6" skipped="0" failures="0" errors="0" timestamp="2021-01-16T11:17:47" hostname="DESKTOP-JPP56SO" time="0.1">
  <properties/>
  <testcase name="createTagValidTest()" classname="com.epam.esm.service.TagServiceTest" time="0.066"/>
  <testcase name="readTagValidTest()" classname="com.epam.esm.service.TagServiceTest" time="0.002"/>
  <testcase name="deleteTagValidTest()" classname="com.epam.esm.service.TagServiceTest" time="0.002"/>
  <testcase name="createCertificateInvalidTest(Tag)[1]" classname="com.epam.esm.service.TagServiceTest" time="0.001"/>
  <testcase name="createCertificateInvalidTest(Tag)[2]" classname="com.epam.esm.service.TagServiceTest" time="0.008"/>
  <testcase name="createCertificateInvalidTest(Tag)[3]" classname="com.epam.esm.service.TagServiceTest" time="0.001"/>
  <system-out><![CDATA[]]></system-out>
  <system-err><![CDATA[]]></system-err>
</testsuite>
